#
# A fatal error has been detected by the Java Runtime Environment:
#
#  EXCEPTION_ACCESS_VIOLATION (0xc0000005) at pc=0x0000000073c526a0, pid=15940, tid=0x0000000000003dc4
#
# JRE version: Java(TM) SE Runtime Environment (8.0_281-b09) (build 1.8.0_281-b09)
# Java VM: Java HotSpot(TM) 64-Bit Server VM (25.281-b09 mixed mode windows-amd64 compressed oops)
# Problematic frame:
# V  [jvm.dll+0x4726a0]
#
# Failed to write core dump. Minidumps are not enabled by default on client versions of Windows
#
# If you would like to submit a bug report, please visit:
#   http://bugreport.java.com/bugreport/crash.jsp
#

---------------  T H R E A D  ---------------

Current thread (0x000001d2816c3000):  JavaThread "C2 CompilerThread1" daemon [_thread_in_native, id=15812, stack(0x0000003849000000,0x0000003849100000)]

siginfo: ExceptionCode=0xc0000005, reading address 0xffffffffffffffff

Registers:
RAX=0x0000000000000000, RBX=0x000001d28f3f6210, RCX=0x0000000000000000, RDX=0x000001d28f3f6350
RSP=0x00000038490fb230, RBP=0x00000038490fb350, RSI=0x0000000000000000, RDI=0x00000038490fb290
R8 =0x1000000073fc7730, R9 =0x000001d2874a4f80, R10=0x00000000737e0000, R11=0x00000038490fb1d0
R12=0x00000000737e0000, R13=0x000001d2845fa000, R14=0x0000000000000000, R15=0x0000000073fc7730
RIP=0x0000000073c526a0, EFLAGS=0x0000000000010246

Top of Stack: (sp=0x00000038490fb230)
0x00000038490fb230:   0000000000001101 0000000073c527c0
0x00000038490fb240:   00000038490fda40 000001d28f3f4050
0x00000038490fb250:   0000000073fc7730 0000000000000018
0x00000038490fb260:   0000000000001138 0000000073c4ded0
0x00000038490fb270:   000001d28f3f6210 00000038490fb350
0x00000038490fb280:   0000000000001138 0000000000000000
0x00000038490fb290:   0000000000000000 0000000000000008
0x00000038490fb2a0:   1000000073fc7730 0000000000000000
0x00000038490fb2b0:   000001d284e53d78 0000000000000031
0x00000038490fb2c0:   000001d28f3f6350 00000038490fb758
0x00000038490fb2d0:   000001d2845f9ff0 00000038490fb758
0x00000038490fb2e0:   00000038490fb3f0 0000000073c175cb
0x00000038490fb2f0:   00000038490fb670 0000000000000000
0x00000038490fb300:   00000000000003d8 0000000000000001
0x00000038490fb310:   0000000000000006 000001d2845f9ff0
0x00000038490fb320:   000001d28302b350 000001d28302e000 

Instructions: (pc=0x0000000073c526a0)
0x0000000073c52680:   48 8b 47 20 44 8b f6 4e 8b 04 f0 4d 3b c7 0f 84
0x0000000073c52690:   83 00 00 00 33 c0 4c 89 47 10 33 c9 0f 1f 40 00
0x0000000073c526a0:   42 83 3c 01 00 8d 50 01 0f 85 c9 00 00 00 48 83
0x0000000073c526b0:   c1 04 8b c2 83 fa 08 72 e7 48 8b 6f 30 48 85 ed 


Register to memory mapping:

RAX=0x0000000000000000 is an unknown value
RBX=0x000001d28f3f6210 is an unknown value
RCX=0x0000000000000000 is an unknown value
RDX=0x000001d28f3f6350 is an unknown value
RSP=0x00000038490fb230 is pointing into the stack for thread: 0x000001d2816c3000
RBP=0x00000038490fb350 is pointing into the stack for thread: 0x000001d2816c3000
RSI=0x0000000000000000 is an unknown value
RDI=0x00000038490fb290 is pointing into the stack for thread: 0x000001d2816c3000
R8 =0x1000000073fc7730 is an unknown value
R9 =0x000001d2874a4f80 is an unknown value
R10=0x00000000737e0000 is an unknown value
R11=0x00000038490fb1d0 is pointing into the stack for thread: 0x000001d2816c3000
R12=0x00000000737e0000 is an unknown value
R13=0x000001d2845fa000 is an unknown value
R14=0x0000000000000000 is an unknown value
R15=0x0000000073fc7730 is an unknown value


Stack: [0x0000003849000000,0x0000003849100000],  sp=0x00000038490fb230,  free space=1004k
Native frames: (J=compiled Java code, j=interpreted, Vv=VM code, C=native code)
V  [jvm.dll+0x4726a0]
V  [jvm.dll+0x46ded0]
V  [jvm.dll+0x4375cb]
V  [jvm.dll+0x4403d5]
V  [jvm.dll+0x43f795]
V  [jvm.dll+0x42a5e7]
V  [jvm.dll+0xabe9b]
V  [jvm.dll+0xaa4fb]
V  [jvm.dll+0x23d6b2]
V  [jvm.dll+0x291cbc]
C  [ucrtbase.dll+0x21bb2]
C  [KERNEL32.DLL+0x17034]
C  [ntdll.dll+0x52651]


Current CompileTask:
C2: 673890 11010       4       java.lang.Class::annotationData (44 bytes)


---------------  P R O C E S S  ---------------

Java Threads: ( => current thread )
  0x000001d2849f5800 JavaThread "git.exe fetch --tags --force --progress --prune -- origin +refs/heads/master:refs/remotes/origin/master: stderr copier" daemon [_thread_in_native, id=7784, stack(0x000000384a500000,0x000000384a600000)]
  0x000001d2849f3000 JavaThread "git.exe fetch --tags --force --progress --prune -- origin +refs/heads/master:refs/remotes/origin/master: stdout copier" daemon [_thread_in_native, id=2208, stack(0x0000003848000000,0x0000003848100000)]
  0x000001d2849f1800 JavaThread "Executor #-1 for principal : executing testPipeline #3" daemon [_thread_in_native, id=11172, stack(0x0000003849500000,0x0000003849600000)]
  0x000001d2849f1000 JavaThread "Proc.executor [#2]" daemon [_thread_blocked, id=5244, stack(0x000000384a000000,0x000000384a100000)]
  0x000001d2849ee000 JavaThread "Jetty (winstone)-99" [_thread_in_native, id=13964, stack(0x0000003847e00000,0x0000003847f00000)]
  0x000001d2849ed000 JavaThread "Jetty (winstone)-81" [_thread_in_native, id=13764, stack(0x000000384a400000,0x000000384a500000)]
  0x000001d2849eb800 JavaThread "Jetty (winstone)-80" [_thread_blocked, id=8496, stack(0x0000003847f00000,0x0000003848000000)]
  0x000001d285c24000 JavaThread "Session-Scheduler-29ba4338-1" [_thread_blocked, id=15456, stack(0x000000384a700000,0x000000384a800000)]
  0x000001d285c22000 JavaThread "Jetty (winstone)-64" [_thread_blocked, id=15400, stack(0x000000384a600000,0x000000384a700000)]
  0x000001d285c23800 JavaThread "Jetty (winstone)-56" [_thread_in_native, id=16316, stack(0x000000384bf00000,0x000000384c000000)]
  0x000001d285c1f800 JavaThread "jenkins.util.Timer [#10]" daemon [_thread_blocked, id=1492, stack(0x000000384bd00000,0x000000384be00000)]
  0x000001d285c20800 JavaThread "jenkins.util.Timer [#9]" daemon [_thread_blocked, id=16312, stack(0x000000384bc00000,0x000000384bd00000)]
  0x000001d285c1f000 JavaThread "jenkins.util.Timer [#8]" daemon [_thread_blocked, id=16212, stack(0x000000384bb00000,0x000000384bc00000)]
  0x000001d285c1d800 JavaThread "jenkins.util.Timer [#7]" daemon [_thread_blocked, id=16320, stack(0x000000384ba00000,0x000000384bb00000)]
  0x000001d285c1e000 JavaThread "jenkins.util.Timer [#6]" daemon [_thread_blocked, id=16228, stack(0x000000384b900000,0x000000384ba00000)]
  0x000001d285c1b000 JavaThread "jenkins.util.Timer [#5]" daemon [_thread_blocked, id=16216, stack(0x000000384b800000,0x000000384b900000)]
  0x000001d285c21000 JavaThread "jenkins.util.Timer [#4]" daemon [_thread_blocked, id=16224, stack(0x000000384b700000,0x000000384b800000)]
  0x000001d285c1c800 JavaThread "Connector-Scheduler-59e84876-1" [_thread_blocked, id=15924, stack(0x000000384b600000,0x000000384b700000)]
  0x000001d285c1c000 JavaThread "jenkins.util.Timer [#3]" daemon [_thread_blocked, id=10636, stack(0x000000384b500000,0x000000384b600000)]
  0x000001d2849f4800 JavaThread "jenkins.util.Timer [#2]" daemon [_thread_blocked, id=2344, stack(0x000000384b400000,0x000000384b500000)]
  0x000001d2849eb000 JavaThread "jenkins.util.Timer [#1]" daemon [_thread_blocked, id=14116, stack(0x000000384a300000,0x000000384a400000)]
  0x000001d2849ec800 JavaThread "Jenkins cron thread" [_thread_blocked, id=14724, stack(0x000000384a200000,0x000000384a300000)]
  0x000001d2849ea000 JavaThread "DestroyJavaVM" [_thread_blocked, id=15872, stack(0x0000003848100000,0x0000003848200000)]
  0x000001d282eff800 JavaThread "LauncherControlThread[ControlPort=-1]" [_thread_blocked, id=1084, stack(0x000000384a100000,0x000000384a200000)]
  0x000001d282f01000 JavaThread "Java2D Disposer" daemon [_thread_blocked, id=14452, stack(0x0000003849f00000,0x000000384a000000)]
  0x000001d282efe000 JavaThread "Session-HouseKeeper-62e136d3-1" [_thread_blocked, id=14616, stack(0x0000003849e00000,0x0000003849f00000)]
  0x000001d282efb000 JavaThread "Scheduler-1282473384-1" [_thread_blocked, id=14612, stack(0x0000003849d00000,0x0000003849e00000)]
  0x000001d282efd000 JavaThread "Jetty (winstone)-19" [_thread_blocked, id=10080, stack(0x0000003849c00000,0x0000003849d00000)]
  0x000001d282efb800 JavaThread "Jetty (winstone)-18" [_thread_blocked, id=4460, stack(0x0000003849b00000,0x0000003849c00000)]
  0x000001d282ef7000 JavaThread "Jetty (winstone)-17-acceptor-0@2b84decc-ServerConnector@59e84876{HTTP/1.1, (http/1.1)}{0.0.0.0:9090}" [_thread_in_native, id=16068, stack(0x0000003849a00000,0x0000003849b00000)]
  0x000001d282ef6000 JavaThread "Jetty (winstone)-16" [_thread_blocked, id=15928, stack(0x0000003849900000,0x0000003849a00000)]
  0x000001d282ef5800 JavaThread "Jetty (winstone)-15" [_thread_in_native, id=6288, stack(0x0000003849800000,0x0000003849900000)]
  0x000001d282ef2000 JavaThread "Jetty (winstone)-13" [_thread_blocked, id=12880, stack(0x0000003849600000,0x0000003849700000)]
  0x000001d282aa8800 JavaThread "Service Thread" daemon [_thread_blocked, id=15852, stack(0x0000003849300000,0x0000003849400000)]
  0x000001d2816d2000 JavaThread "C1 CompilerThread3" daemon [_thread_blocked, id=15776, stack(0x0000003849200000,0x0000003849300000)]
  0x000001d2816c6000 JavaThread "C2 CompilerThread2" daemon [_thread_blocked, id=15824, stack(0x0000003849100000,0x0000003849200000)]
=>0x000001d2816c3000 JavaThread "C2 CompilerThread1" daemon [_thread_in_native, id=15812, stack(0x0000003849000000,0x0000003849100000)]
  0x000001d2816c1000 JavaThread "C2 CompilerThread0" daemon [_thread_blocked, id=15764, stack(0x0000003848f00000,0x0000003849000000)]
  0x000001d2816bc000 JavaThread "Attach Listener" daemon [_thread_blocked, id=15760, stack(0x0000003848e00000,0x0000003848f00000)]
  0x000001d2816bb000 JavaThread "Signal Dispatcher" daemon [_thread_blocked, id=15832, stack(0x0000003848d00000,0x0000003848e00000)]
  0x000001d2816a0000 JavaThread "Finalizer" daemon [_thread_blocked, id=15868, stack(0x0000003848c00000,0x0000003848d00000)]
  0x000001d2ff9ec000 JavaThread "Reference Handler" daemon [_thread_blocked, id=15648, stack(0x0000003848b00000,0x0000003848c00000)]

Other Threads:
  0x000001d281672800 VMThread [stack: 0x0000003848a00000,0x0000003848b00000] [id=15848]
  0x000001d282abc800 WatcherThread [stack: 0x0000003849400000,0x0000003849500000] [id=15732]

VM state:not at safepoint (normal execution)

VM Mutex/Monitor currently owned by a thread: None

heap address: 0x00000005c0400000, size: 8188 MB, Compressed Oops mode: Zero based, Oop shift amount: 3
Narrow klass base: 0x0000000000000000, Narrow klass shift: 3
Compressed class space size: 1073741824 Address: 0x00000007c0000000

Heap:
 PSYoungGen      total 2605568K, used 1566876K [0x0000000715700000, 0x00000007b8880000, 0x00000007c0000000)
  eden space 2582016K, 59% used [0x0000000715700000,0x0000000773a29c00,0x00000007b3080000)
  from space 23552K, 99% used [0x00000007b7180000,0x00000007b887d658,0x00000007b8880000)
  to   space 29696K, 0% used [0x00000007b4e80000,0x00000007b4e80000,0x00000007b6b80000)
 ParOldGen       total 388096K, used 71537K [0x00000005c0400000, 0x00000005d7f00000, 0x0000000715700000)
  object space 388096K, 18% used [0x00000005c0400000,0x00000005c49dc6d8,0x00000005d7f00000)
 Metaspace       used 83136K, capacity 90900K, committed 90920K, reserved 1128448K
  class space    used 9802K, capacity 11811K, committed 11816K, reserved 1048576K

Card table byte_map: [0x000001d2ed5c0000,0x000001d2ee5c0000] byte_map_base: 0x000001d2ea7be000

Marking Bits: (ParMarkBitMap*) 0x0000000073fc6ff0
 Begin Bits: [0x000001d2ef070000, 0x000001d2f7060000)
 End Bits:   [0x000001d2f7060000, 0x000001d2ff050000)

Polling page: 0x000001d2dc9f0000

CodeCache: size=245760Kb used=35545Kb max_used=35557Kb free=210214Kb
 bounds [0x000001d2de200000, 0x000001d2e04f0000, 0x000001d2ed200000]
 total_blobs=9599 nmethods=8776 adapters=734
 compilation: enabled

Compilation events (10 events):
Event: 673.587 Thread 0x000001d2816d2000 11029       3       java.lang.ProcessEnvironment::addToEnv (20 bytes)
Event: 673.588 Thread 0x000001d2816d2000 nmethod 11029 0x000001d2dff072d0 code [0x000001d2dff07500, 0x000001d2dff08280]
Event: 673.661 Thread 0x000001d2816d2000 11030   !   3       java.io.FileInputStream::close (62 bytes)
Event: 673.663 Thread 0x000001d2816d2000 nmethod 11030 0x000001d2dff068d0 code [0x000001d2dff06a60, 0x000001d2dff07100]
Event: 673.666 Thread 0x000001d2816d2000 11031       3       sun.nio.cs.SingleByte$Encoder::encodeLoop (28 bytes)
Event: 673.666 Thread 0x000001d2816d2000 nmethod 11031 0x000001d2dff06090 code [0x000001d2dff06220, 0x000001d2dff06760]
Event: 673.721 Thread 0x000001d2816d2000 11032       3       java.util.TreeMap::remove (24 bytes)
Event: 673.721 Thread 0x000001d2816d2000 nmethod 11032 0x000001d2dff011d0 code [0x000001d2dff01340, 0x000001d2dff01600]
Event: 673.721 Thread 0x000001d2816c6000 11033       4       java.lang.ProcessEnvironment$CheckedEntry::getKey (5 bytes)
Event: 673.723 Thread 0x000001d2816c6000 nmethod 11033 0x000001d2e03de550 code [0x000001d2e03de6a0, 0x000001d2e03de758]

GC Heap History (10 events):
Event: 163.340 GC heap before
{Heap before GC invocations=25 (full 3):
 PSYoungGen      total 1801216K, used 1771065K [0x0000000715700000, 0x0000000796b80000, 0x00000007c0000000)
  eden space 1771008K, 99% used [0x0000000715700000,0x00000007816fe5e0,0x0000000781880000)
  from space 30208K, 5% used [0x0000000781880000,0x0000000781a10000,0x0000000783600000)
  to   space 29184K, 0% used [0x0000000794f00000,0x0000000794f00000,0x0000000796b80000)
 ParOldGen       total 388096K, used 67314K [0x00000005c0400000, 0x00000005d7f00000, 0x0000000715700000)
  object space 388096K, 17% used [0x00000005c0400000,0x00000005c45bca40,0x00000005d7f00000)
 Metaspace       used 72206K, capacity 78688K, committed 78760K, reserved 1118208K
  class space    used 8477K, capacity 10099K, committed 10152K, reserved 1048576K
Event: 163.344 GC heap after
Heap after GC invocations=25 (full 3):
 PSYoungGen      total 2057216K, used 2464K [0x0000000715700000, 0x0000000795b00000, 0x00000007c0000000)
  eden space 2044928K, 0% used [0x0000000715700000,0x0000000715700000,0x0000000792400000)
  from space 12288K, 20% used [0x0000000794f00000,0x0000000795168000,0x0000000795b00000)
  to   space 28160K, 0% used [0x0000000792400000,0x0000000792400000,0x0000000793f80000)
 ParOldGen       total 388096K, used 67314K [0x00000005c0400000, 0x00000005d7f00000, 0x0000000715700000)
  object space 388096K, 17% used [0x00000005c0400000,0x00000005c45bca40,0x00000005d7f00000)
 Metaspace       used 72206K, capacity 78688K, committed 78760K, reserved 1118208K
  class space    used 8477K, capacity 10099K, committed 10152K, reserved 1048576K
}
Event: 164.003 GC heap before
{Heap before GC invocations=26 (full 3):
 PSYoungGen      total 2057216K, used 2047392K [0x0000000715700000, 0x0000000795b00000, 0x00000007c0000000)
  eden space 2044928K, 100% used [0x0000000715700000,0x0000000792400000,0x0000000792400000)
  from space 12288K, 20% used [0x0000000794f00000,0x0000000795168000,0x0000000795b00000)
  to   space 28160K, 0% used [0x0000000792400000,0x0000000792400000,0x0000000793f80000)
 ParOldGen       total 388096K, used 67314K [0x00000005c0400000, 0x00000005d7f00000, 0x0000000715700000)
  object space 388096K, 17% used [0x00000005c0400000,0x00000005c45bca40,0x00000005d7f00000)
 Metaspace       used 72206K, capacity 78688K, committed 78760K, reserved 1118208K
  class space    used 8477K, capacity 10099K, committed 10152K, reserved 1048576K
Event: 164.014 GC heap after
Heap after GC invocations=26 (full 3):
 PSYoungGen      total 2073088K, used 3552K [0x0000000715700000, 0x00000007a9780000, 0x00000007c0000000)
  eden space 2044928K, 0% used [0x0000000715700000,0x0000000715700000,0x0000000792400000)
  from space 28160K, 12% used [0x0000000792400000,0x0000000792778000,0x0000000793f80000)
  to   space 26624K, 0% used [0x00000007a7d80000,0x00000007a7d80000,0x00000007a9780000)
 ParOldGen       total 388096K, used 67314K [0x00000005c0400000, 0x00000005d7f00000, 0x0000000715700000)
  object space 388096K, 17% used [0x00000005c0400000,0x00000005c45bca40,0x00000005d7f00000)
 Metaspace       used 72206K, capacity 78688K, committed 78760K, reserved 1118208K
  class space    used 8477K, capacity 10099K, committed 10152K, reserved 1048576K
}
Event: 164.572 GC heap before
{Heap before GC invocations=27 (full 3):
 PSYoungGen      total 2073088K, used 2048480K [0x0000000715700000, 0x00000007a9780000, 0x00000007c0000000)
  eden space 2044928K, 100% used [0x0000000715700000,0x0000000792400000,0x0000000792400000)
  from space 28160K, 12% used [0x0000000792400000,0x0000000792778000,0x0000000793f80000)
  to   space 26624K, 0% used [0x00000007a7d80000,0x00000007a7d80000,0x00000007a9780000)
 ParOldGen       total 388096K, used 67314K [0x00000005c0400000, 0x00000005d7f00000, 0x0000000715700000)
  object space 388096K, 17% used [0x00000005c0400000,0x00000005c45bca40,0x00000005d7f00000)
 Metaspace       used 72206K, capacity 78688K, committed 78760K, reserved 1118208K
  class space    used 8477K, capacity 10099K, committed 10152K, reserved 1048576K
Event: 164.578 GC heap after
Heap after GC invocations=27 (full 3):
 PSYoungGen      total 2375168K, used 4992K [0x0000000715700000, 0x00000007a8a80000, 0x00000007c0000000)
  eden space 2361856K, 0% used [0x0000000715700000,0x0000000715700000,0x00000007a5980000)
  from space 13312K, 37% used [0x00000007a7d80000,0x00000007a8260000,0x00000007a8a80000)
  to   space 25088K, 0% used [0x00000007a5980000,0x00000007a5980000,0x00000007a7200000)
 ParOldGen       total 388096K, used 67314K [0x00000005c0400000, 0x00000005d7f00000, 0x0000000715700000)
  object space 388096K, 17% used [0x00000005c0400000,0x00000005c45bca40,0x00000005d7f00000)
 Metaspace       used 72206K, capacity 78688K, committed 78760K, reserved 1118208K
  class space    used 8477K, capacity 10099K, committed 10152K, reserved 1048576K
}
Event: 165.426 GC heap before
{Heap before GC invocations=28 (full 3):
 PSYoungGen      total 2375168K, used 2366848K [0x0000000715700000, 0x00000007a8a80000, 0x00000007c0000000)
  eden space 2361856K, 100% used [0x0000000715700000,0x00000007a5980000,0x00000007a5980000)
  from space 13312K, 37% used [0x00000007a7d80000,0x00000007a8260000,0x00000007a8a80000)
  to   space 25088K, 0% used [0x00000007a5980000,0x00000007a5980000,0x00000007a7200000)
 ParOldGen       total 388096K, used 67314K [0x00000005c0400000, 0x00000005d7f00000, 0x0000000715700000)
  object space 388096K, 17% used [0x00000005c0400000,0x00000005c45bca40,0x00000005d7f00000)
 Metaspace       used 72207K, capacity 78688K, committed 78760K, reserved 1118208K
  class space    used 8477K, capacity 10099K, committed 10152K, reserved 1048576K
Event: 165.435 GC heap after
Heap after GC invocations=28 (full 3):
 PSYoungGen      total 2386944K, used 6976K [0x0000000715700000, 0x00000007b8880000, 0x00000007c0000000)
  eden space 2361856K, 0% used [0x0000000715700000,0x0000000715700000,0x00000007a5980000)
  from space 25088K, 27% used [0x00000007a5980000,0x00000007a6050000,0x00000007a7200000)
  to   space 23552K, 0% used [0x00000007b7180000,0x00000007b7180000,0x00000007b8880000)
 ParOldGen       total 388096K, used 67314K [0x00000005c0400000, 0x00000005d7f00000, 0x0000000715700000)
  object space 388096K, 17% used [0x00000005c0400000,0x00000005c45bca40,0x00000005d7f00000)
 Metaspace       used 72207K, capacity 78688K, committed 78760K, reserved 1118208K
  class space    used 8477K, capacity 10099K, committed 10152K, reserved 1048576K
}
Event: 219.930 GC heap before
{Heap before GC invocations=29 (full 3):
 PSYoungGen      total 2386944K, used 2368832K [0x0000000715700000, 0x00000007b8880000, 0x00000007c0000000)
  eden space 2361856K, 100% used [0x0000000715700000,0x00000007a5980000,0x00000007a5980000)
  from space 25088K, 27% used [0x00000007a5980000,0x00000007a6050000,0x00000007a7200000)
  to   space 23552K, 0% used [0x00000007b7180000,0x00000007b7180000,0x00000007b8880000)
 ParOldGen       total 388096K, used 67314K [0x00000005c0400000, 0x00000005d7f00000, 0x0000000715700000)
  object space 388096K, 17% used [0x00000005c0400000,0x00000005c45bca40,0x00000005d7f00000)
 Metaspace       used 76212K, capacity 82920K, committed 82984K, reserved 1122304K
  class space    used 8885K, capacity 10528K, committed 10536K, reserved 1048576K
Event: 219.962 GC heap after
Heap after GC invocations=29 (full 3):
 PSYoungGen      total 2605568K, used 23541K [0x0000000715700000, 0x00000007b8880000, 0x00000007c0000000)
  eden space 2582016K, 0% used [0x0000000715700000,0x0000000715700000,0x00000007b3080000)
  from space 23552K, 99% used [0x00000007b7180000,0x00000007b887d658,0x00000007b8880000)
  to   space 29696K, 0% used [0x00000007b4e80000,0x00000007b4e80000,0x00000007b6b80000)
 ParOldGen       total 388096K, used 71537K [0x00000005c0400000, 0x00000005d7f00000, 0x0000000715700000)
  object space 388096K, 18% used [0x00000005c0400000,0x00000005c49dc6d8,0x00000005d7f00000)
 Metaspace       used 76212K, capacity 82920K, committed 82984K, reserved 1122304K
  class space    used 8885K, capacity 10528K, committed 10536K, reserved 1048576K
}

Deoptimization events (10 events):
Event: 520.079 Thread 0x000001d282ef6000 Uncommon trap: reason=predicate action=maybe_recompile pc=0x000001d2df3b1c6c method=java.util.ArrayList.lastIndexOf(Ljava/lang/Object;)I @ 46
Event: 520.105 Thread 0x000001d282ef6000 Uncommon trap: reason=unstable_if action=reinterpret pc=0x000001d2df29857c method=java.lang.Character.codePointAtImpl([CII)I @ 8
Event: 520.105 Thread 0x000001d282ef6000 Uncommon trap: reason=unstable_if action=reinterpret pc=0x000001d2df5f4c70 method=java.lang.Character.codePointAtImpl([CII)I @ 8
Event: 543.829 Thread 0x000001d282ef5800 Uncommon trap: reason=unstable_if action=reinterpret pc=0x000001d2e03659f4 method=com.google.common.cache.LocalCache.expiresAfterAccess()Z @ 6
Event: 548.751 Thread 0x000001d2849eb800 Uncommon trap: reason=null_check action=make_not_entrant pc=0x000001d2e03cb7ac method=org.apache.commons.jelly.impl.TagScript.run(Lorg/apache/commons/jelly/JellyContext;Lorg/apache/commons/jelly/XMLOutput;)V @ 392
Event: 558.831 Thread 0x000001d285c23800 Uncommon trap: reason=class_check action=maybe_recompile pc=0x000001d2df8529e4 method=java.util.HashMap.removeNode(ILjava/lang/Object;Ljava/lang/Object;ZZ)Ljava/util/HashMap$Node; @ 143
Event: 671.272 Thread 0x000001d2849ee000 Uncommon trap: reason=null_check action=make_not_entrant pc=0x000001d2e001c108 method=hudson.PluginManager$UberClassLoader.findClass(Ljava/lang/String;)Ljava/lang/Class; @ 110
Event: 671.329 Thread 0x000001d2849ee000 Uncommon trap: reason=null_check action=make_not_entrant pc=0x000001d2df5c89e8 method=java.lang.Class.createAnnotationData(I)Ljava/lang/Class$AnnotationData; @ 14
Event: 673.263 Thread 0x000001d2849f1800 Uncommon trap: reason=class_check action=maybe_recompile pc=0x000001d2df680db8 method=com.google.common.cache.LocalCache$Segment.expireEntries(J)V @ 8
Event: 673.279 Thread 0x000001d2849f1800 Uncommon trap: reason=unstable_if action=reinterpret pc=0x000001d2dfc18684 method=java.util.regex.Pattern.RemoveQEQuoting()V @ 41

Classes redefined (0 events):
No events

Internal exceptions (10 events):
Event: 671.343 Thread 0x000001d2849ee000 Exception <a 'sun/nio/fs/WindowsException'> (0x000000076efe4ca8) thrown at [C:\jenkins\workspace\8-2-build-windows-amd64-cygwin\jdk8u281\880\hotspot\src\share\vm\prims\jni.cpp, line 710]
Event: 673.264 Thread 0x000001d2849f1800 Exception <a 'sun/nio/fs/WindowsException'> (0x000000076f81a530) thrown at [C:\jenkins\workspace\8-2-build-windows-amd64-cygwin\jdk8u281\880\hotspot\src\share\vm\prims\jni.cpp, line 710]
Event: 673.264 Thread 0x000001d2849f1800 Exception <a 'sun/nio/fs/WindowsException'> (0x000000076f81aab0) thrown at [C:\jenkins\workspace\8-2-build-windows-amd64-cygwin\jdk8u281\880\hotspot\src\share\vm\prims\jni.cpp, line 710]
Event: 673.270 Thread 0x000001d2849f1800 Exception <a 'sun/nio/fs/WindowsException'> (0x000000076f81c288) thrown at [C:\jenkins\workspace\8-2-build-windows-amd64-cygwin\jdk8u281\880\hotspot\src\share\vm\prims\jni.cpp, line 710]
Event: 673.314 Thread 0x000001d2849f1800 Exception <a 'sun/nio/fs/WindowsException'> (0x000000076fafc568) thrown at [C:\jenkins\workspace\8-2-build-windows-amd64-cygwin\jdk8u281\880\hotspot\src\share\vm\prims\jni.cpp, line 710]
Event: 673.315 Thread 0x000001d2849f1800 Exception <a 'sun/nio/fs/WindowsException'> (0x000000076fafcc50) thrown at [C:\jenkins\workspace\8-2-build-windows-amd64-cygwin\jdk8u281\880\hotspot\src\share\vm\prims\jni.cpp, line 710]
Event: 673.323 Thread 0x000001d2849f1800 Exception <a 'sun/nio/fs/WindowsException'> (0x000000076fb036d8) thrown at [C:\jenkins\workspace\8-2-build-windows-amd64-cygwin\jdk8u281\880\hotspot\src\share\vm\prims\jni.cpp, line 710]
Event: 673.330 Thread 0x000001d2849f1800 Exception <a 'sun/nio/fs/WindowsException'> (0x000000076fb9a650) thrown at [C:\jenkins\workspace\8-2-build-windows-amd64-cygwin\jdk8u281\880\hotspot\src\share\vm\prims\jni.cpp, line 710]
Event: 673.331 Thread 0x000001d2849f1800 Exception <a 'sun/nio/fs/WindowsException'> (0x000000076fb9ab50) thrown at [C:\jenkins\workspace\8-2-build-windows-amd64-cygwin\jdk8u281\880\hotspot\src\share\vm\prims\jni.cpp, line 710]
Event: 673.341 Thread 0x000001d2849f1800 Exception <a 'sun/nio/fs/WindowsException'> (0x000000076fc119d8) thrown at [C:\jenkins\workspace\8-2-build-windows-amd64-cygwin\jdk8u281\880\hotspot\src\share\vm\prims\jni.cpp, line 710]

Events (10 events):
Event: 673.784 Executing VM operation: RevokeBias
Event: 673.784 Executing VM operation: RevokeBias done
Event: 673.799 Thread 0x000001d2849f3000 Thread added: 0x000001d2849f3000
Event: 673.799 Thread 0x000001d2849ee800 Thread added: 0x000001d2849ee800
Event: 673.799 Thread 0x000001d2849f5800 Thread added: 0x000001d2849f5800
Event: 673.800 Executing VM operation: RevokeBias
Event: 673.800 Executing VM operation: RevokeBias done
Event: 673.800 Executing VM operation: RevokeBias
Event: 673.800 Executing VM operation: RevokeBias done
Event: 673.800 Thread 0x000001d2849ee800 Thread exited: 0x000001d2849ee800


Dynamic libraries:
0x00007ff6c3030000 - 0x00007ff6c3077000 	C:\Program Files (x86)\Common Files\Oracle\Java\javapath\java.exe
0x00007ffd80d70000 - 0x00007ffd80f65000 	C:\WINDOWS\SYSTEM32\ntdll.dll
0x00007ffd58fe0000 - 0x00007ffd58ff3000 	C:\Program Files\AVG\Antivirus\aswhook.dll
0x00007ffd7ee80000 - 0x00007ffd7ef3d000 	C:\WINDOWS\System32\KERNEL32.DLL
0x00007ffd7e9a0000 - 0x00007ffd7ec68000 	C:\WINDOWS\System32\KERNELBASE.dll
0x00007ffd7edd0000 - 0x00007ffd7ee7c000 	C:\WINDOWS\System32\ADVAPI32.dll
0x00007ffd80ac0000 - 0x00007ffd80b5e000 	C:\WINDOWS\System32\msvcrt.dll
0x00007ffd7f1a0000 - 0x00007ffd7f23b000 	C:\WINDOWS\System32\sechost.dll
0x00007ffd7f510000 - 0x00007ffd7f63b000 	C:\WINDOWS\System32\RPCRT4.dll
0x00007ffd7f240000 - 0x00007ffd7f3e0000 	C:\WINDOWS\System32\USER32.dll
0x00007ffd7e810000 - 0x00007ffd7e832000 	C:\WINDOWS\System32\win32u.dll
0x00007ffd7f110000 - 0x00007ffd7f13a000 	C:\WINDOWS\System32\GDI32.dll
0x00007ffd7e560000 - 0x00007ffd7e66b000 	C:\WINDOWS\System32\gdi32full.dll
0x00007ffd7e6f0000 - 0x00007ffd7e78d000 	C:\WINDOWS\System32\msvcp_win.dll
0x00007ffd7ecd0000 - 0x00007ffd7edd0000 	C:\WINDOWS\System32\ucrtbase.dll
0x00007ffd637b0000 - 0x00007ffd63a4a000 	C:\WINDOWS\WinSxS\amd64_microsoft.windows.common-controls_6595b64144ccf1df_6.0.19041.844_none_ca00b6081b84eb1d\COMCTL32.dll
0x00007ffd80d00000 - 0x00007ffd80d30000 	C:\WINDOWS\System32\IMM32.DLL
0x00007ffd596e0000 - 0x00007ffd596f5000 	C:\Program Files\Java\jre1.8.0_281\bin\vcruntime140.dll
0x00007ffd2ce20000 - 0x00007ffd2cebb000 	C:\Program Files\Java\jre1.8.0_281\bin\msvcp140.dll
0x00000000737e0000 - 0x000000007403f000 	C:\Program Files\Java\jre1.8.0_281\bin\server\jvm.dll
0x00007ffd7fab0000 - 0x00007ffd7fab8000 	C:\WINDOWS\System32\PSAPI.DLL
0x00007ffd78ab0000 - 0x00007ffd78aba000 	C:\WINDOWS\SYSTEM32\VERSION.dll
0x00007ffd6db30000 - 0x00007ffd6db39000 	C:\WINDOWS\SYSTEM32\WSOCK32.dll
0x00007ffd74df0000 - 0x00007ffd74e17000 	C:\WINDOWS\SYSTEM32\WINMM.dll
0x00007ffd7fbe0000 - 0x00007ffd7fc4b000 	C:\WINDOWS\System32\WS2_32.dll
0x00007ffd7c3d0000 - 0x00007ffd7c3e2000 	C:\WINDOWS\SYSTEM32\kernel.appcore.dll
0x00007ffd6e0c0000 - 0x00007ffd6e0d0000 	C:\Program Files\Java\jre1.8.0_281\bin\verify.dll
0x00007ffd3c800000 - 0x00007ffd3c82b000 	C:\Program Files\Java\jre1.8.0_281\bin\java.dll
0x00007ffd52150000 - 0x00007ffd52168000 	C:\Program Files\Java\jre1.8.0_281\bin\zip.dll
0x00007ffd80310000 - 0x00007ffd80a52000 	C:\WINDOWS\System32\SHELL32.dll
0x00007ffd7c5d0000 - 0x00007ffd7cd61000 	C:\WINDOWS\SYSTEM32\windows.storage.dll
0x00007ffd7fd30000 - 0x00007ffd80085000 	C:\WINDOWS\System32\combase.dll
0x00007ffd7de50000 - 0x00007ffd7de7c000 	C:\WINDOWS\SYSTEM32\Wldp.dll
0x00007ffd7f060000 - 0x00007ffd7f10e000 	C:\WINDOWS\System32\SHCORE.dll
0x00007ffd7eff0000 - 0x00007ffd7f045000 	C:\WINDOWS\System32\shlwapi.dll
0x00007ffd7e3f0000 - 0x00007ffd7e40f000 	C:\WINDOWS\SYSTEM32\profapi.dll
0x00007ffd7e180000 - 0x00007ffd7e198000 	C:\WINDOWS\SYSTEM32\CRYPTSP.dll
0x00007ffd7d580000 - 0x00007ffd7d5b4000 	C:\WINDOWS\system32\rsaenh.dll
0x00007ffd7e6c0000 - 0x00007ffd7e6e7000 	C:\WINDOWS\System32\bcrypt.dll
0x00007ffd7e3b0000 - 0x00007ffd7e3de000 	C:\WINDOWS\SYSTEM32\USERENV.dll
0x00007ffd7e790000 - 0x00007ffd7e810000 	C:\WINDOWS\System32\bcryptprimitives.dll
0x00007ffd7ddb0000 - 0x00007ffd7ddbc000 	C:\WINDOWS\SYSTEM32\CRYPTBASE.dll
0x00007ffd45d50000 - 0x00007ffd45d6c000 	C:\Program Files\Java\jre1.8.0_281\bin\net.dll
0x00007ffd7dc30000 - 0x00007ffd7dc9a000 	C:\WINDOWS\system32\mswsock.dll
0x00007ffd7d8f0000 - 0x00007ffd7d92b000 	C:\WINDOWS\SYSTEM32\IPHLPAPI.DLL
0x00007ffd80c40000 - 0x00007ffd80c48000 	C:\WINDOWS\System32\NSI.dll
0x00007ffd77de0000 - 0x00007ffd77df7000 	C:\WINDOWS\SYSTEM32\dhcpcsvc6.DLL
0x00007ffd78110000 - 0x00007ffd7812d000 	C:\WINDOWS\SYSTEM32\dhcpcsvc.DLL
0x00007ffd7d940000 - 0x00007ffd7da0c000 	C:\WINDOWS\SYSTEM32\DNSAPI.dll
0x00007ffd3c8a0000 - 0x00007ffd3c8b3000 	C:\Program Files\Java\jre1.8.0_281\bin\nio.dll
0x00007ffd65eb0000 - 0x00007ffd65ebd000 	C:\Program Files\Java\jre1.8.0_281\bin\management.dll
0x00007ffd3c7a0000 - 0x00007ffd3c7c4000 	C:\Program Files\Java\jre1.8.0_281\bin\sunec.dll
0x00007ffd65640000 - 0x00007ffd6564d000 	C:\Program Files\Java\jre1.8.0_281\bin\sunmscapi.dll
0x00007ffd7e840000 - 0x00007ffd7e99f000 	C:\WINDOWS\System32\CRYPT32.dll
0x00007ffd7dec0000 - 0x00007ffd7dee7000 	C:\WINDOWS\SYSTEM32\ncrypt.dll
0x00007ffd7de80000 - 0x00007ffd7debb000 	C:\WINDOWS\SYSTEM32\NTASN1.dll
0x00007ffd11820000 - 0x00007ffd119b5000 	C:\Program Files\Java\jre1.8.0_281\bin\awt.dll
0x00007ffd80240000 - 0x00007ffd8030d000 	C:\WINDOWS\System32\OLEAUT32.dll
0x00007ffd7bd80000 - 0x00007ffd7be10000 	C:\WINDOWS\SYSTEM32\apphelp.dll
0x00007ffd3bb50000 - 0x00007ffd3bb99000 	C:\Program Files\Java\jre1.8.0_281\bin\fontmanager.dll
0x00007ffd66a20000 - 0x00007ffd66a37000 	C:\WINDOWS\system32\napinsp.dll
0x00007ffd66920000 - 0x00007ffd6693b000 	C:\WINDOWS\system32\pnrpnsp.dll
0x00007ffd668e0000 - 0x00007ffd668f5000 	C:\WINDOWS\system32\wshbth.dll
0x00007ffd7a0c0000 - 0x00007ffd7a0dd000 	C:\WINDOWS\system32\NLAapi.dll
0x00007ffd65620000 - 0x00007ffd65632000 	C:\WINDOWS\System32\winrnr.dll
0x00007ffd6dc20000 - 0x00007ffd6dc2a000 	C:\Windows\System32\rasadhlp.dll
0x00007ffd74e50000 - 0x00007ffd74ecf000 	C:\WINDOWS\System32\fwpuclnt.dll
0x00007ffd31300000 - 0x00007ffd31342000 	C:\Users\fer\AppData\Local\Temp\jna-101267\jna4515302263727008014.dll
0x00007ffd776b0000 - 0x00007ffd77894000 	C:\WINDOWS\SYSTEM32\dbghelp.dll

VM Arguments:
java_command: jenkins.war --httpPort=9090
java_class_path (initial): jenkins.war
Launcher Type: SUN_STANDARD

Environment Variables:
JAVA_HOME=C:\Program Files\Java\jdk1.8.0_271
PATH=C:\Program Files\Git\mingw64\bin;C:\Program Files\Git\usr\bin;C:\Users\fer\bin;C:\Program Files (x86)\Common Files\Oracle\Java\javapath;C:\Program Files\Java\jdk1.8.0_271\bin;C:\WINDOWS\system32;C:\Program Files\nodejs;C:\WINDOWS;C:\WINDOWS\System32\Wbem;C:\Program Files\Git\cmd;C:\WINDOWS\System32\WindowsPowerShell\v1.0;C:\WINDOWS\System32\OpenSSH;C:\Users\fer\AppData\Local\Programs\Microsoft VS Code\bin;C:\Users\fer\AppData\Local\Microsoft\WindowsApps;C:\Users\fer\AppData\Roaming\npm
USERNAME=fer
OS=Windows_NT
PROCESSOR_IDENTIFIER=AMD64 Family 21 Model 2 Stepping 0, AuthenticAMD



---------------  S Y S T E M  ---------------

OS: Windows 10.0 , 64 bit Build 19041 (10.0.19041.928)

CPU:total 8 (initial active 8) (8 cores per cpu, 1 threads per core) family 21 model 2 stepping 0, cmov, cx8, fxsr, mmx, sse, sse2, sse3, ssse3, sse4.1, sse4.2, popcnt, avx, aes, clmul, mmxext, 3dnowpref, lzcnt, sse4a, tsc, tscinvbit, tscinv, bmi1

Memory: 4k page, physical 33536116k(23692704k free), swap 38516852k(25071792k free)

vm_info: Java HotSpot(TM) 64-Bit Server VM (25.281-b09) for windows-amd64 JRE (1.8.0_281-b09), built on Dec  9 2020 13:54:07 by "" with MS VC++ 15.9 (VS2017)

time: Wed Apr 28 15:35:51 2021
timezone: Hora estándar de Argentina
elapsed time: 673.911068 seconds (0d 0h 11m 13s)

